Thu, 19 Mar 2026 10:04:01 GMT body-parser deprecated undefined extended: provide extended option at server.js:16:17
node:events:486
      throw er; // Unhandled 'error' event
      ^

Error: listen EADDRINUSE: address already in use :::5000
    at Server.setupListenHandle [as _listen2] (node:net:1940:16)
    at listenInCluster (node:net:1997:12)
    at Server.listen (node:net:2102:7)
    at app.listen (C:\Users\curum\Desktop\Cour Majeur\DevSecOps\DevSecOps_Mission_Impossible\financial-analysis-app\backend\node_modules\express\lib\application.js:635:24)
    at Object.<anonymous> (C:\Users\curum\Desktop\Cour Majeur\DevSecOps\DevSecOps_Mission_Impossible\financial-analysis-app\backend\server.js:112:5)
    at Module._compile (node:internal/modules/cjs/loader:1761:14)
    at Object..js (node:internal/modules/cjs/loader:1893:10)
    at Module.load (node:internal/modules/cjs/loader:1481:32)
    at Module._load (node:internal/modules/cjs/loader:1300:12)
    at TracingChannel.traceSync (node:diagnostics_channel:328:14)
Emitted 'error' event on Server instance at:
    at emitErrorNT (node:net:1976:8)
    at process.processTicksAndRejections (node:internal/process/task_queues:89:21) {
  code: 'EADDRINUSE',
  errno: -4091,
  syscall: 'listen',
  address: '::',
  port: 5000
}

Node.js v24.13.0
